[2025-12-06T18:33:24.163] [DEBUG] debug-file - env: nodejsVersion=v18.20.1
[2025-12-06T18:33:24.246] [DEBUG] debug-file - env: daemon=true
[2025-12-06T18:33:24.165] [DEBUG] debug-file - env: hvigor-config.json5 content = { modelVersion: '6.0.0', dependencies: {} }
[2025-12-06T18:33:25.253] [DEBUG] debug-file - java daemon tryConnect failed Error: connect ECONNREFUSED 127.0.0.1:45050
[2025-12-06T18:33:25.270] [DEBUG] debug-file - java daemon started at port 45050 pid 38060
[2025-12-06T18:33:25.319] [DEBUG] debug-file - session manager: set active socket. socketId=lLsSz--XhVX34tnlAAAB
[2025-12-06T18:33:26.297] [DEBUG] debug-file - watch worker: worker id should be larger than 0. Nothing will be sent to any worker thread.
[2025-12-06T18:33:26.304] [DEBUG] debug-file - Hvigor init with startParameters:{
  hvigorfileTypeCheck: false,
  parallelExecution: true,
  incrementalExecution: true,
  printStackTrace: false,
  daemon: true,
  analyze: 0,
  logLevel: Level { level: 20000, levelStr: 'INFO', colour: 'green' },
  optimizationStrategy: 'memory',
  hotCompile: undefined,
  hotReloadBuild: undefined
}
[2025-12-06T18:33:26.304] [DEBUG] debug-file - Since current hvigor version 6.21.1 differs from last hvigor version 
      undefined, delete file-cache.json and task-cache.json.
[2025-12-06T18:33:26.305] [DEBUG] debug-file - Cache service initialization finished in 1 ms 
[2025-12-06T18:33:26.306] [DEBUG] debug-file - hvigorfile, resolving H:\WaterFlow\hvigorfile.ts
[2025-12-06T18:33:28.949] [DEBUG] debug-file - hvigorfile, require result:  {}
[2025-12-06T18:33:28.949] [DEBUG] debug-file - hvigorfile, binding system plugins {}
[2025-12-06T18:33:29.162] [DEBUG] debug-file - Start initialize project's product build option map with build mode debug.
[2025-12-06T18:33:29.163] [DEBUG] debug-file - Picking option from product 'default' with build mode 'debug'.
[2025-12-06T18:33:29.163] [DEBUG] debug-file - Product 'default' build option initialized
[2025-12-06T18:33:29.163] [DEBUG] debug-file - End initialize project's product build option map with build mode 'debug'.
[2025-12-06T18:33:29.165] [DEBUG] debug-file - Obtain build option for product 'default'in this build.
[2025-12-06T18:33:29.167] [DEBUG] debug-file - No signingConfig found, initRemoteHspCache failed.
[2025-12-06T18:33:29.170] [DEBUG] debug-file - Local scan or download HarmonyOS sdk components toolchains,ets,js,native,previewer
[2025-12-06T18:33:29.174] [DEBUG] debug-file - Local scan or download hmscore sdk components toolchains,ets,native
[2025-12-06T18:33:29.176] [DEBUG] debug-file - Start recording SDK configuration permission data.
[2025-12-06T18:33:29.217] [DEBUG] debug-file - Sdk init in 49 ms 
[2025-12-06T18:33:29.221] [DEBUG] debug-file - Project task initialization takes 4 ms 
[2025-12-06T18:33:29.221] [DEBUG] debug-file - hvigorfile, resolve finished H:\WaterFlow\hvigorfile.ts
[2025-12-06T18:33:29.222] [DEBUG] debug-file - hvigorfile, resolving H:\WaterFlow\entry\hvigorfile.ts
[2025-12-06T18:33:29.227] [DEBUG] debug-file - hvigorfile, require result:  {}
[2025-12-06T18:33:29.227] [DEBUG] debug-file - hvigorfile, binding system plugins {}
[2025-12-06T18:33:29.228] [DEBUG] debug-file - failed to load cangjie to dynamically generate schemas: Error: Cannot find module '@ohos/cangjie-build-support/index'
Require stack:
- D:\DEVecoStudio\DevEco Studio\tools\hvigor\hvigor-ohos-plugin\src\plugin\factory\plugin-factory.js
- D:\DEVecoStudio\DevEco Studio\tools\hvigor\hvigor-ohos-plugin\index.js
- H:\WaterFlow\hvigorfile.ts
- D:\DEVecoStudio\DevEco Studio\tools\hvigor\hvigor\src\base\internal\lifecycle\configuration.js
- D:\DEVecoStudio\DevEco Studio\tools\hvigor\hvigor\src\base\boot\index.js
- D:\DEVecoStudio\DevEco Studio\tools\hvigor\hvigor\src\base\daemon\cluster\worker-process-lifecycle.js
- D:\DEVecoStudio\DevEco Studio\tools\hvigor\hvigor\src\base\daemon\process\daemon-process-boot-script.js
[2025-12-06T18:33:29.239] [DEBUG] debug-file - Start initialize module-target build option map, moduleName=entry, buildMode=release
[2025-12-06T18:33:29.240] [DEBUG] debug-file - Target 'default' config initialized
[2025-12-06T18:33:29.240] [DEBUG] debug-file - Module 'entry' target 'default' build option initialized
[2025-12-06T18:33:29.240] [DEBUG] debug-file - End initialize module-target build option map, moduleName=entry
[2025-12-06T18:33:29.241] [DEBUG] debug-file - Start initialize module-target build option map, moduleName=entry, buildMode=debug
[2025-12-06T18:33:29.241] [DEBUG] debug-file - Target 'default' config initialized
[2025-12-06T18:33:29.241] [DEBUG] debug-file - Module 'entry' target 'default' build option initialized
[2025-12-06T18:33:29.241] [DEBUG] debug-file - End initialize module-target build option map, moduleName=entry
[2025-12-06T18:33:29.241] [DEBUG] debug-file - Start initialize module-target build option map, moduleName=entry, buildMode=debug
[2025-12-06T18:33:29.241] [DEBUG] debug-file - Target 'default' config initialized
[2025-12-06T18:33:29.241] [DEBUG] debug-file - Module 'entry' target 'default' build option initialized
[2025-12-06T18:33:29.241] [DEBUG] debug-file - End initialize module-target build option map, moduleName=entry
[2025-12-06T18:33:29.242] [DEBUG] debug-file - Obtain build option for module 'entry' target 'default'in this build.
[2025-12-06T18:33:29.245] [DEBUG] debug-file - Module entry task initialization takes 3 ms 
[2025-12-06T18:33:29.245] [DEBUG] debug-file - hvigorfile, resolve finished H:\WaterFlow\entry\hvigorfile.ts
[2025-12-06T18:33:29.259] [DEBUG] debug-file - hvigorfile, resolve hvigorfile dependencies in 13 ms 
[2025-12-06T18:33:29.259] [DEBUG] debug-file - project has submodules:entry
[2025-12-06T18:33:29.260] [DEBUG] debug-file - start to load updatedOhPackageInfo to the disk
[2025-12-06T18:33:29.264] [DEBUG] debug-file - load to the disk finished
[2025-12-06T18:33:29.265] [DEBUG] debug-file - Start to initialize dependency information.
[2025-12-06T18:33:29.267] [DEBUG] debug-file - Module WaterFlow Collected Dependency: 
[2025-12-06T18:33:29.267] [DEBUG] debug-file - Module WaterFlow's total dependency: 0
[2025-12-06T18:33:29.269] [DEBUG] debug-file - Start to initialize dependency information.
[2025-12-06T18:33:29.272] [DEBUG] debug-file - Module entry Collected Dependency: 
[2025-12-06T18:33:29.272] [DEBUG] debug-file - Module entry's total dependency: 0
[2025-12-06T18:33:29.275] [DEBUG] debug-file - Configuration phase cost:2 s 970 ms 
[2025-12-06T18:33:29.277] [DEBUG] debug-file - Configuration task cost before running: 2 s 977 ms 
[2025-12-06T18:33:29.277] [DEBUG] debug-file - Executing task :entry:clean
[2025-12-06T18:33:29.278] [DEBUG] debug-file - clean: Worker pool is inactive.
[2025-12-06T18:33:29.279] [DEBUG] debug-file - entry : clean cost memory 0.08465576171875
[2025-12-06T18:33:29.279] [DEBUG] debug-file - runTaskFromQueue task cost before running: 2 s 980 ms 
[2025-12-06T18:33:29.280] [INFO] debug-file - Finished :entry:clean... after 2 ms 
[2025-12-06T18:33:29.281] [DEBUG] debug-file - Executing task ::clean
[2025-12-06T18:33:29.281] [DEBUG] debug-file - clean: Worker pool is inactive.
[2025-12-06T18:33:29.281] [DEBUG] debug-file - WaterFlow : clean cost memory 0.02729034423828125
[2025-12-06T18:33:29.281] [DEBUG] debug-file - runTaskFromQueue task cost before running: 2 s 982 ms 
[2025-12-06T18:33:29.281] [INFO] debug-file - Finished ::clean... after 1 ms 
[2025-12-06T18:33:29.281] [DEBUG] debug-file - Executing task :entry:init
[2025-12-06T18:33:29.281] [DEBUG] debug-file - entry : init cost memory 0.01647186279296875
[2025-12-06T18:33:29.282] [DEBUG] debug-file - runTaskFromQueue task cost before running: 2 s 982 ms 
[2025-12-06T18:33:29.282] [INFO] debug-file - Finished :entry:init... after 1 ms 
[2025-12-06T18:33:29.282] [DEBUG] debug-file - Executing task ::init
[2025-12-06T18:33:29.282] [DEBUG] debug-file - WaterFlow : init cost memory 0.01531982421875
[2025-12-06T18:33:29.282] [DEBUG] debug-file - runTaskFromQueue task cost before running: 2 s 983 ms 
[2025-12-06T18:33:29.282] [INFO] debug-file - Finished ::init... after 1 ms 
[2025-12-06T18:33:29.292] [DEBUG] debug-file - Obtain build option for module 'entry' target 'default'in this build.
[2025-12-06T18:33:29.300] [DEBUG] debug-file - session manager: send message to worker process.
[2025-12-06T18:33:29.301] [DEBUG] debug-file - session manager: send message to worker process.
[2025-12-06T18:33:29.299] [DEBUG] debug-file - Since there is no instance or instance is terminated, create a new worker pool.
[2025-12-06T18:33:29.299] [DEBUG] debug-file - Worker pool is initialized with config:  {
  minPoolNum: 2,
  maxPoolNum: undefined,
  maxCoreSize: undefined,
  cacheCapacity: undefined,
  cacheTtl: undefined
}
[2025-12-06T18:33:29.300] [DEBUG] debug-file - Create  resident worker with id: 0.
[2025-12-06T18:33:29.303] [DEBUG] debug-file - Create  resident worker with id: 1.
[2025-12-06T18:33:29.306] [DEBUG] debug-file - Cleanup worker 0.
[2025-12-06T18:33:29.307] [DEBUG] debug-file - Worker 0 has been cleaned up.
[2025-12-06T18:33:29.307] [DEBUG] debug-file - Current idle worker size: 1.
[2025-12-06T18:33:29.307] [DEBUG] debug-file - Current resident worker size: 2.
[2025-12-06T18:33:29.307] [DEBUG] debug-file - Cleanup worker 1.
[2025-12-06T18:33:29.307] [DEBUG] debug-file - Worker 1 has been cleaned up.
[2025-12-06T18:33:29.307] [DEBUG] debug-file - Current idle worker size: 0.
[2025-12-06T18:33:29.307] [DEBUG] debug-file - Current resident worker size: 2.
[2025-12-06T18:33:29.308] [DEBUG] debug-file - hvigor build process will be closed.
[2025-12-06T18:33:29.311] [DEBUG] debug-file - watch worker: worker id should be larger than 0. Nothing will be sent to any worker thread.
[2025-12-06T18:33:29.312] [DEBUG] debug-file - watch worker: worker id should be larger than 0. Nothing will be sent to any worker thread.
[2025-12-06T18:33:29.313] [DEBUG] debug-file - worker[0] exits with exit code 0.
[2025-12-06T18:33:29.314] [DEBUG] debug-file - worker[1] exits with exit code 0.
